2025-08-15 12:07:56.954 | INFO     | __main__:main:13 - Starting BeaconMedicalAi AMA application
2025-08-15 12:07:56.955 | INFO     | BeaconMedAI.core.vectorstore:initialize_vectorstore_for_edition:103 - Initializing vectorstore for 4th Edition
2025-08-15 12:07:56.955 | INFO     | BeaconMedAI.core.vectorstore:initialize_vectorstore:86 - Loading existing vectorstore from /Users/mac/fivv/drmichelrice/BeaconMedAI/src/data/vectorstore_8k_batch_4th
2025-08-15 12:07:57.358 | INFO     | BeaconMedAI.core.vectorstore:initialize_vectorstore_for_edition:103 - Initializing vectorstore for 4th Edition
2025-08-15 12:07:57.358 | INFO     | BeaconMedAI.core.vectorstore:initialize_vectorstore:86 - Loading existing vectorstore from /Users/mac/fivv/drmichelrice/BeaconMedAI/src/data/vectorstore_8k_batch_4th
2025-08-15 12:08:03.911 | INFO     | BeaconMedAI.auth.authentication:validate_login:33 - Successful login for user: Tim
2025-08-15 12:08:13.498 | INFO     | BeaconMedAI.core.vectorstore:initialize_vectorstore_for_edition:103 - Initializing vectorstore for 4th Edition
2025-08-15 12:08:13.503 | INFO     | BeaconMedAI.core.vectorstore:initialize_vectorstore:86 - Loading existing vectorstore from /Users/mac/fivv/drmichelrice/BeaconMedAI/src/data/vectorstore_8k_batch_4th
2025-08-15 12:08:13.744 | INFO     | BeaconMedAI.core.user_data:__init__:36 - 
==================================================
NEW USER SESSION CREATED
Username: Tim
User ID: e26fb026-db88-4f78-b997-0f9ec8195e25
==================================================

2025-08-15 12:08:13.744 | INFO     | BeaconMedAI.core.user_data:get_user_data:97 - Created new user data for: Tim
2025-08-15 12:08:13.761 | INFO     | BeaconMedAI.processors.file_processors:process_file:33 - User Tim started processing 1 files
2025-08-15 12:08:13.762 | INFO     | BeaconMedAI.core.user_data:get_user_data:99 - Retrieved existing user data for: Tim
2025-08-15 12:08:13.762 | INFO     | BeaconMedAI.processors.file_processors:process_single_file:52 - Processing file /private/var/folders/gg/t11kyrr16ndcf_c64k2qtbr40000gn/T/gradio/9853adc70cf79735bb12a4e45f8145aa628d78f2f60ea8af7b816db04666c13f/AMA Sample Medical Report 1.pdf (1/1)
2025-08-15 12:08:13.763 | INFO     | BeaconMedAI.processors.file_processors:get_report_from_pdf:107 - Loading PDF /private/var/folders/gg/t11kyrr16ndcf_c64k2qtbr40000gn/T/gradio/9853adc70cf79735bb12a4e45f8145aa628d78f2f60ea8af7b816db04666c13f/AMA Sample Medical Report 1.pdf for user Tim
2025-08-15 12:08:13.810 | INFO     | BeaconMedAI.core.user_data:get_user_data:99 - Retrieved existing user data for: Tim
2025-08-15 12:08:13.810 | INFO     | BeaconMedAI.generators.report_generator:get_ama_impairment_report:55 - Generating impairment report for user Tim
2025-08-15 12:08:13.810 | INFO     | BeaconMedAI.core.user_data:get_user_data:99 - Retrieved existing user data for: Tim
2025-08-15 12:08:18.356 | INFO     | BeaconMedAI.utils.helpers:get_metadata_filter:267 - Starting metadata filter generation
2025-08-15 12:08:23.748 | DEBUG    | BeaconMedAI.utils.helpers:get_metadata_filter:289 - Extracted 15 terms: ['workplace injury', 'traumatic brain injury', 'mri scan', 'neurological assessment', 'fractured right clavicle', 'misalignment', 'x-ray imaging', 'lumbar disc herniation', 'disc protrusion', 'lower extremities', 'physical therapy', 'pain management', 'psychological trauma', 'post-accident anxiety', 'depression']
2025-08-15 12:08:23.748 | ERROR    | BeaconMedAI.utils.helpers:get_metadata_filter:317 - Vector store query failed: 'NoneType' object has no attribute 'similarity_search'
2025-08-15 12:08:23.748 | INFO     | BeaconMedAI.utils.helpers:get_metadata_filter:325 - No chapters found. Using term-based filter.
2025-08-15 12:08:23.749 | INFO     | BeaconMedAI.utils.helpers:get_metadata_filter:327 - Term-based filter: {'terms': ['workplace injury', 'traumatic brain injury', 'mri scan', 'neurological assessment', 'fractured right clavicle', 'misalignment', 'x-ray imaging', 'lumbar disc herniation', 'disc protrusion', 'lower extremities', 'physical therapy', 'pain management', 'psychological trauma', 'post-accident anxiety', 'depression']}
2025-08-15 12:08:23.749 | INFO     | BeaconMedAI.generators.report_generator:get_ama_impairment_report:98 - Using term-based query: workplace injury traumatic brain injury mri scan neurological assessment fractured right clavicle misalignment x-ray imaging lumbar disc herniation disc protrusion lower extremities physical therapy pain management psychological trauma post-accident anxiety depression
2025-08-15 12:08:23.749 | INFO     | BeaconMedAI.generators.report_generator:get_ama_impairment_report:102 - Retrieving AMA content with k=3, fetch_k=15, lambda_mult=0.5 based on 112 unique words
2025-08-15 12:08:25.442 | INFO     | BeaconMedAI.generators.report_generator:get_ama_impairment_report:107 - Initially retrieved 6 documents
2025-08-15 12:08:27.348 | INFO     | BeaconMedAI.generators.report_generator:get_ama_impairment_report:111 - Reranked to 3 documents
2025-08-15 12:08:36.035 | INFO     | BeaconMedAI.generators.report_generator:get_ama_impairment_report:149 - Generated impairment report for user Tim
2025-08-15 12:08:36.068 | INFO     | BeaconMedAI.generators.combiner:get_combine_reports:30 - Combining reports for user Tim
2025-08-15 12:08:36.068 | INFO     | BeaconMedAI.core.user_data:get_user_data:99 - Retrieved existing user data for: Tim
2025-08-15 12:08:36.082 | INFO     | BeaconMedAI.generators.combiner:get_combine_reports:45 - Similarity with previous input 1: 0.5394
2025-08-15 12:09:19.244 | INFO     | BeaconMedAI.generators.combiner:get_combine_reports:89 - Generated combined report for user Tim
