2025-08-15 11:40:24.756 | INFO     | __main__:main:13 - Starting BeaconMedicalAi AMA application
2025-08-15 11:40:24.757 | INFO     | BeaconMedAI.core.vectorstore:initialize_vectorstore_for_edition:103 - Initializing vectorstore for 4th Edition
2025-08-15 11:40:24.757 | INFO     | BeaconMedAI.core.vectorstore:initialize_vectorstore:86 - Loading existing vectorstore from /Users/mac/fivv/drmichelrice/BeaconMedAI/src/data/vectorstore_8k_batch_4th
2025-08-15 11:40:25.046 | INFO     | BeaconMedAI.core.vectorstore:initialize_vectorstore_for_edition:103 - Initializing vectorstore for 4th Edition
2025-08-15 11:40:25.047 | INFO     | BeaconMedAI.core.vectorstore:initialize_vectorstore:86 - Loading existing vectorstore from /Users/mac/fivv/drmichelrice/BeaconMedAI/src/data/vectorstore_8k_batch_4th
2025-08-15 11:40:33.228 | INFO     | BeaconMedAI.auth.authentication:validate_login:33 - Successful login for user: Tim
2025-08-15 11:40:47.446 | INFO     | BeaconMedAI.core.vectorstore:initialize_vectorstore_for_edition:103 - Initializing vectorstore for 4th Edition
2025-08-15 11:40:47.448 | INFO     | BeaconMedAI.core.vectorstore:initialize_vectorstore:86 - Loading existing vectorstore from /Users/mac/fivv/drmichelrice/BeaconMedAI/src/data/vectorstore_8k_batch_4th
2025-08-15 11:40:47.588 | INFO     | BeaconMedAI.core.user_data:__init__:36 - 
==================================================
NEW USER SESSION CREATED
Username: Tim
User ID: 7818fcd2-5c75-43b1-bf5f-b5112dabefe4
==================================================

2025-08-15 11:40:47.588 | INFO     | BeaconMedAI.core.user_data:get_user_data:97 - Created new user data for: Tim
2025-08-15 11:40:47.603 | INFO     | BeaconMedAI.processors.file_processors:process_file:33 - User Tim started processing 1 files
2025-08-15 11:40:47.604 | INFO     | BeaconMedAI.core.user_data:get_user_data:99 - Retrieved existing user data for: Tim
2025-08-15 11:40:47.604 | INFO     | BeaconMedAI.processors.file_processors:process_single_file:52 - Processing file /private/var/folders/gg/t11kyrr16ndcf_c64k2qtbr40000gn/T/gradio/9853adc70cf79735bb12a4e45f8145aa628d78f2f60ea8af7b816db04666c13f/AMA Sample Medical Report 1.pdf (1/1)
2025-08-15 11:40:47.605 | INFO     | BeaconMedAI.processors.file_processors:get_report_from_pdf:107 - Loading PDF /private/var/folders/gg/t11kyrr16ndcf_c64k2qtbr40000gn/T/gradio/9853adc70cf79735bb12a4e45f8145aa628d78f2f60ea8af7b816db04666c13f/AMA Sample Medical Report 1.pdf for user Tim
2025-08-15 11:40:47.628 | INFO     | BeaconMedAI.core.user_data:get_user_data:99 - Retrieved existing user data for: Tim
2025-08-15 11:40:47.628 | INFO     | BeaconMedAI.generators.report_generator:get_ama_impairment_report:55 - Generating impairment report for user Tim
2025-08-15 11:40:47.628 | INFO     | BeaconMedAI.core.user_data:get_user_data:99 - Retrieved existing user data for: Tim
2025-08-15 11:40:52.290 | INFO     | BeaconMedAI.utils.helpers:get_metadata_filter:268 - Starting metadata filter generation
2025-08-15 11:40:54.991 | DEBUG    | BeaconMedAI.utils.helpers:get_metadata_filter:287 - Extracted 20 terms: ['traumatic brain injury', 'symptoms', 'headaches', 'dizziness', 'cognitive difficulties', 'mri', 'neurological assessment', 'fractured right clavicle', 'persistent pain', 'limited range of motion', 'surgery', 'lumbar disc herniation', 'disc protrusion', 'pain', 'lower extremities', 'physical therapy', 'pain management', 'psychological trauma', 'post-accident anxiety', 'depression']
2025-08-15 11:40:54.991 | ERROR    | BeaconMedAI.utils.helpers:get_metadata_filter:312 - Vector store query failed: 'NoneType' object has no attribute 'similarity_search'
2025-08-15 11:40:54.991 | INFO     | BeaconMedAI.utils.helpers:get_metadata_filter:319 - No chapters found. Using term-based filter.
2025-08-15 11:40:54.991 | INFO     | BeaconMedAI.utils.helpers:get_metadata_filter:321 - Term-based filter: {'terms': ['traumatic brain injury', 'symptoms', 'headaches', 'dizziness', 'cognitive difficulties', 'mri', 'neurological assessment', 'fractured right clavicle', 'persistent pain', 'limited range of motion', 'surgery', 'lumbar disc herniation', 'disc protrusion', 'pain', 'lower extremities', 'physical therapy', 'pain management', 'psychological trauma', 'post-accident anxiety', 'depression']}
2025-08-15 11:40:54.992 | INFO     | BeaconMedAI.generators.report_generator:get_ama_impairment_report:98 - Using term-based query: traumatic brain injury symptoms headaches dizziness cognitive difficulties mri neurological assessment fractured right clavicle persistent pain limited range of motion surgery lumbar disc herniation disc protrusion pain lower extremities physical therapy pain management psychological trauma post-accident anxiety depression
2025-08-15 11:40:54.992 | INFO     | BeaconMedAI.generators.report_generator:get_ama_impairment_report:102 - Retrieving AMA content with k=3, fetch_k=15, lambda_mult=0.5 based on 112 unique words
2025-08-15 11:41:01.948 | INFO     | BeaconMedAI.generators.report_generator:get_ama_impairment_report:107 - Initially retrieved 6 documents
2025-08-15 11:41:04.466 | INFO     | BeaconMedAI.generators.report_generator:get_ama_impairment_report:111 - Reranked to 3 documents
2025-08-15 11:41:06.134 | ERROR    | BeaconMedAI.utils.web_utils:web_search_url:113 - Web search failed: Connection error.
2025-08-15 11:41:06.144 | ERROR    | BeaconMedAI.ui.gradio_interface:generate_and_display_report:207 - Error in report generation: [Errno 2] No such file or directory: '/Users/mac/fivv/drmichelrice/BeaconMedAI/src/templates/ama_imp_prmpt1.txt'
