2025-08-15 11:50:48.131 | INFO     | __main__:main:13 - Starting BeaconMedicalAi AMA application
2025-08-15 11:50:48.131 | INFO     | BeaconMedAI.core.vectorstore:initialize_vectorstore_for_edition:103 - Initializing vectorstore for 4th Edition
2025-08-15 11:50:48.131 | INFO     | BeaconMedAI.core.vectorstore:initialize_vectorstore:86 - Loading existing vectorstore from /Users/mac/fivv/drmichelrice/BeaconMedAI/src/data/vectorstore_8k_batch_4th
2025-08-15 11:50:48.417 | INFO     | BeaconMedAI.core.vectorstore:initialize_vectorstore_for_edition:103 - Initializing vectorstore for 4th Edition
2025-08-15 11:50:48.417 | INFO     | BeaconMedAI.core.vectorstore:initialize_vectorstore:86 - Loading existing vectorstore from /Users/mac/fivv/drmichelrice/BeaconMedAI/src/data/vectorstore_8k_batch_4th
2025-08-15 11:51:00.387 | INFO     | BeaconMedAI.auth.authentication:validate_login:33 - Successful login for user: Tim
2025-08-15 11:51:06.317 | INFO     | BeaconMedAI.core.vectorstore:initialize_vectorstore_for_edition:103 - Initializing vectorstore for 4th Edition
2025-08-15 11:51:06.319 | INFO     | BeaconMedAI.core.vectorstore:initialize_vectorstore:86 - Loading existing vectorstore from /Users/mac/fivv/drmichelrice/BeaconMedAI/src/data/vectorstore_8k_batch_4th
2025-08-15 11:51:06.432 | INFO     | BeaconMedAI.core.user_data:__init__:36 - 
==================================================
NEW USER SESSION CREATED
Username: Tim
User ID: ef760b0a-f15f-4bd0-9d9c-f9c0f7abb7d5
==================================================

2025-08-15 11:51:06.432 | INFO     | BeaconMedAI.core.user_data:get_user_data:97 - Created new user data for: Tim
2025-08-15 11:51:06.445 | INFO     | BeaconMedAI.processors.file_processors:process_file:33 - User Tim started processing 1 files
2025-08-15 11:51:06.446 | INFO     | BeaconMedAI.core.user_data:get_user_data:99 - Retrieved existing user data for: Tim
2025-08-15 11:51:06.446 | INFO     | BeaconMedAI.processors.file_processors:process_single_file:52 - Processing file /private/var/folders/gg/t11kyrr16ndcf_c64k2qtbr40000gn/T/gradio/9853adc70cf79735bb12a4e45f8145aa628d78f2f60ea8af7b816db04666c13f/AMA Sample Medical Report 1.pdf (1/1)
2025-08-15 11:51:06.446 | INFO     | BeaconMedAI.processors.file_processors:get_report_from_pdf:107 - Loading PDF /private/var/folders/gg/t11kyrr16ndcf_c64k2qtbr40000gn/T/gradio/9853adc70cf79735bb12a4e45f8145aa628d78f2f60ea8af7b816db04666c13f/AMA Sample Medical Report 1.pdf for user Tim
2025-08-15 11:51:06.480 | INFO     | BeaconMedAI.core.user_data:get_user_data:99 - Retrieved existing user data for: Tim
2025-08-15 11:51:06.480 | INFO     | BeaconMedAI.generators.report_generator:get_ama_impairment_report:55 - Generating impairment report for user Tim
2025-08-15 11:51:06.480 | INFO     | BeaconMedAI.core.user_data:get_user_data:99 - Retrieved existing user data for: Tim
2025-08-15 11:51:11.979 | INFO     | BeaconMedAI.utils.helpers:get_metadata_filter:267 - Starting metadata filter generation
2025-08-15 11:51:16.098 | DEBUG    | BeaconMedAI.utils.helpers:get_metadata_filter:289 - Extracted 18 terms: ['traumatic brain injury', 'neurological assessment', 'fractured right clavicle', 'misalignment', 'x-ray imaging', 'persistent pain', 'limited range of motion', 'surgery', 'lumbar disc herniation', 'disc protrusion', 'pain', 'lower extremities', 'physical therapy', 'pain management', 'psychological trauma', 'post-accident anxiety', 'depression', 'panic attacks']
2025-08-15 11:51:16.098 | ERROR    | BeaconMedAI.utils.helpers:get_metadata_filter:317 - Vector store query failed: 'NoneType' object has no attribute 'similarity_search'
2025-08-15 11:51:16.099 | INFO     | BeaconMedAI.utils.helpers:get_metadata_filter:325 - No chapters found. Using term-based filter.
2025-08-15 11:51:16.099 | INFO     | BeaconMedAI.utils.helpers:get_metadata_filter:327 - Term-based filter: {'terms': ['traumatic brain injury', 'neurological assessment', 'fractured right clavicle', 'misalignment', 'x-ray imaging', 'persistent pain', 'limited range of motion', 'surgery', 'lumbar disc herniation', 'disc protrusion', 'pain', 'lower extremities', 'physical therapy', 'pain management', 'psychological trauma', 'post-accident anxiety', 'depression', 'panic attacks']}
2025-08-15 11:51:16.099 | INFO     | BeaconMedAI.generators.report_generator:get_ama_impairment_report:98 - Using term-based query: traumatic brain injury neurological assessment fractured right clavicle misalignment x-ray imaging persistent pain limited range of motion surgery lumbar disc herniation disc protrusion pain lower extremities physical therapy pain management psychological trauma post-accident anxiety depression panic attacks
2025-08-15 11:51:16.099 | INFO     | BeaconMedAI.generators.report_generator:get_ama_impairment_report:102 - Retrieving AMA content with k=3, fetch_k=15, lambda_mult=0.5 based on 112 unique words
2025-08-15 11:51:17.676 | INFO     | BeaconMedAI.generators.report_generator:get_ama_impairment_report:107 - Initially retrieved 6 documents
2025-08-15 11:51:19.801 | INFO     | BeaconMedAI.generators.report_generator:get_ama_impairment_report:111 - Reranked to 3 documents
2025-08-15 11:51:20.916 | ERROR    | BeaconMedAI.utils.web_utils:web_search_url:113 - Web search failed: Error code: 401 - {'error': {'message': 'Invalid API Key', 'type': 'invalid_request_error', 'code': 'invalid_api_key'}}
2025-08-15 11:51:22.640 | ERROR    | BeaconMedAI.ui.gradio_interface:generate_and_display_report:207 - Error in report generation: Error code: 401 - {'error': {'message': 'Invalid API Key', 'type': 'invalid_request_error', 'code': 'invalid_api_key'}}
