2025-09-12 13:18:02.857 | INFO     | __main__:main:13 - Starting BeaconMedicalAi AMA application
2025-09-12 13:18:02.859 | INFO     | core.vectorstore:initialize_vectorstore_for_edition:103 - Initializing vectorstore for 4th Edition
2025-09-12 13:18:02.859 | INFO     | core.vectorstore:initialize_vectorstore:86 - Loading existing vectorstore from /Users/mac/fivv/drmichelrice/BeaconMedAI/src/data/vectorstore_8k_batch_4th
2025-09-12 13:18:03.100 | INFO     | core.vectorstore:initialize_vectorstore_for_edition:103 - Initializing vectorstore for 4th Edition
2025-09-12 13:18:03.100 | INFO     | core.vectorstore:initialize_vectorstore:86 - Loading existing vectorstore from /Users/mac/fivv/drmichelrice/BeaconMedAI/src/data/vectorstore_8k_batch_4th
2025-09-12 13:18:24.192 | INFO     | auth.authentication:validate_login:30 - Successful login for user: Tim
2025-09-12 13:18:30.673 | INFO     | ui.gradio_interface:update_preview:411 - Previewing 0 images and 1 PDF
2025-09-12 13:18:34.537 | INFO     | core.vectorstore:initialize_vectorstore_for_edition:103 - Initializing vectorstore for 6th Edition
2025-09-12 13:18:34.539 | INFO     | core.vectorstore:initialize_vectorstore:86 - Loading existing vectorstore from /Users/mac/fivv/drmichelrice/BeaconMedAI/src/data/vectorstore_8k_batch_6th
2025-09-12 13:18:37.455 | INFO     | core.vectorstore:initialize_vectorstore_for_edition:103 - Initializing vectorstore for 6th Edition
2025-09-12 13:18:37.456 | INFO     | core.vectorstore:initialize_vectorstore:86 - Loading existing vectorstore from /Users/mac/fivv/drmichelrice/BeaconMedAI/src/data/vectorstore_8k_batch_6th
2025-09-12 13:18:37.575 | INFO     | core.user_data:__init__:36 - 
==================================================
NEW USER SESSION CREATED
Username: Tim
User ID: cbac1ba8-51a4-4228-8a08-0fe9335491e3
==================================================

2025-09-12 13:18:37.575 | INFO     | core.user_data:get_user_data:97 - Created new user data for: Tim
2025-09-12 13:18:37.590 | INFO     | processors.file_processors:process_file:33 - User Tim started processing 1 files
2025-09-12 13:18:37.591 | INFO     | core.user_data:get_user_data:99 - Retrieved existing user data for: Tim
2025-09-12 13:18:37.591 | INFO     | processors.file_processors:process_single_file:52 - Processing file /private/var/folders/gg/t11kyrr16ndcf_c64k2qtbr40000gn/T/gradio/9853adc70cf79735bb12a4e45f8145aa628d78f2f60ea8af7b816db04666c13f/AMA Sample Medical Report 1.pdf (1/1)
2025-09-12 13:18:37.592 | INFO     | processors.file_processors:get_report_from_pdf:107 - Loading PDF /private/var/folders/gg/t11kyrr16ndcf_c64k2qtbr40000gn/T/gradio/9853adc70cf79735bb12a4e45f8145aa628d78f2f60ea8af7b816db04666c13f/AMA Sample Medical Report 1.pdf for user Tim
2025-09-12 13:18:37.669 | INFO     | core.user_data:get_user_data:99 - Retrieved existing user data for: Tim
2025-09-12 13:18:37.669 | INFO     | generators.report_generator:get_ama_impairment_report:55 - Generating impairment report for user Tim
2025-09-12 13:18:37.669 | INFO     | core.user_data:get_user_data:99 - Retrieved existing user data for: Tim
2025-09-12 13:18:41.625 | INFO     | utils.helpers:get_metadata_filter:267 - Starting metadata filter generation
2025-09-12 13:18:44.177 | DEBUG    | utils.helpers:get_metadata_filter:289 - Extracted 13 terms: ['traumatic brain injury', 'neurological assessment', 'fractured right clavicle', 'lumbar disc herniation', 'disc protrusion', 'pain radiating', 'lower extremities', 'physical therapy', 'pain management', 'psychological trauma', 'post-accident anxiety', 'depression', 'panic attacks']
2025-09-12 13:18:44.182 | ERROR    | utils.helpers:get_metadata_filter:319 - Vector store query failed: 'NoneType' object has no attribute 'similarity_search'
2025-09-12 13:18:44.182 | INFO     | utils.helpers:get_metadata_filter:327 - No chapters found. Using term-based filter.
2025-09-12 13:18:44.182 | INFO     | utils.helpers:get_metadata_filter:329 - Term-based filter: {'terms': ['traumatic brain injury', 'neurological assessment', 'fractured right clavicle', 'lumbar disc herniation', 'disc protrusion', 'pain radiating', 'lower extremities', 'physical therapy', 'pain management', 'psychological trauma', 'post-accident anxiety', 'depression', 'panic attacks']}
2025-09-12 13:18:44.182 | INFO     | generators.report_generator:get_ama_impairment_report:98 - Using term-based query: traumatic brain injury neurological assessment fractured right clavicle lumbar disc herniation disc protrusion pain radiating lower extremities physical therapy pain management psychological trauma post-accident anxiety depression panic attacks
2025-09-12 13:18:44.182 | INFO     | generators.report_generator:get_ama_impairment_report:102 - Retrieving AMA content with k=3, fetch_k=15, lambda_mult=0.5 based on 112 unique words
2025-09-12 13:18:45.786 | INFO     | generators.report_generator:get_ama_impairment_report:107 - Initially retrieved 6 documents
2025-09-12 13:18:49.332 | INFO     | generators.report_generator:get_ama_impairment_report:111 - Reranked to 3 documents
2025-09-12 13:18:58.217 | INFO     | generators.report_generator:get_ama_impairment_report:149 - Generated impairment report for user Tim
2025-09-12 13:18:58.269 | INFO     | generators.combiner:get_combine_reports:30 - Combining reports for user Tim
2025-09-12 13:18:58.269 | INFO     | core.user_data:get_user_data:99 - Retrieved existing user data for: Tim
2025-09-12 13:18:58.286 | INFO     | generators.combiner:get_combine_reports:45 - Similarity with previous input 1: 0.3654
2025-09-12 13:20:02.488 | INFO     | generators.combiner:get_combine_reports:89 - Generated combined report for user Tim
