2025-08-15 12:29:33.545 | INFO     | __main__:main:13 - Starting BeaconMedicalAi AMA application
2025-08-15 12:29:33.545 | INFO     | BeaconMedAI.core.vectorstore:initialize_vectorstore_for_edition:103 - Initializing vectorstore for 4th Edition
2025-08-15 12:29:33.545 | INFO     | BeaconMedAI.core.vectorstore:initialize_vectorstore:86 - Loading existing vectorstore from /Users/mac/fivv/drmichelrice/BeaconMedAI/src/data/vectorstore_8k_batch_4th
2025-08-15 12:29:33.781 | INFO     | BeaconMedAI.core.vectorstore:initialize_vectorstore_for_edition:103 - Initializing vectorstore for 4th Edition
2025-08-15 12:29:33.782 | INFO     | BeaconMedAI.core.vectorstore:initialize_vectorstore:86 - Loading existing vectorstore from /Users/mac/fivv/drmichelrice/BeaconMedAI/src/data/vectorstore_8k_batch_4th
2025-08-15 12:29:46.366 | INFO     | BeaconMedAI.auth.authentication:validate_login:33 - Successful login for user: Tim
2025-08-15 12:29:52.880 | INFO     | BeaconMedAI.core.vectorstore:initialize_vectorstore_for_edition:103 - Initializing vectorstore for 4th Edition
2025-08-15 12:29:52.881 | INFO     | BeaconMedAI.core.vectorstore:initialize_vectorstore:86 - Loading existing vectorstore from /Users/mac/fivv/drmichelrice/BeaconMedAI/src/data/vectorstore_8k_batch_4th
2025-08-15 12:29:52.976 | INFO     | BeaconMedAI.core.user_data:__init__:36 - 
==================================================
NEW USER SESSION CREATED
Username: Tim
User ID: ddb53007-8a3d-4f94-a6a1-7d92bafc6cd7
==================================================

2025-08-15 12:29:52.976 | INFO     | BeaconMedAI.core.user_data:get_user_data:97 - Created new user data for: Tim
2025-08-15 12:29:52.989 | INFO     | BeaconMedAI.processors.file_processors:process_file:33 - User Tim started processing 1 files
2025-08-15 12:29:52.989 | INFO     | BeaconMedAI.core.user_data:get_user_data:99 - Retrieved existing user data for: Tim
2025-08-15 12:29:52.990 | INFO     | BeaconMedAI.processors.file_processors:process_single_file:52 - Processing file /private/var/folders/gg/t11kyrr16ndcf_c64k2qtbr40000gn/T/gradio/9853adc70cf79735bb12a4e45f8145aa628d78f2f60ea8af7b816db04666c13f/AMA Sample Medical Report 1.pdf (1/1)
2025-08-15 12:29:52.990 | INFO     | BeaconMedAI.processors.file_processors:get_report_from_pdf:107 - Loading PDF /private/var/folders/gg/t11kyrr16ndcf_c64k2qtbr40000gn/T/gradio/9853adc70cf79735bb12a4e45f8145aa628d78f2f60ea8af7b816db04666c13f/AMA Sample Medical Report 1.pdf for user Tim
2025-08-15 12:29:53.006 | INFO     | BeaconMedAI.core.user_data:get_user_data:99 - Retrieved existing user data for: Tim
2025-08-15 12:29:53.006 | INFO     | BeaconMedAI.generators.report_generator:get_ama_impairment_report:55 - Generating impairment report for user Tim
2025-08-15 12:29:53.006 | INFO     | BeaconMedAI.core.user_data:get_user_data:99 - Retrieved existing user data for: Tim
2025-08-15 12:29:57.459 | INFO     | BeaconMedAI.utils.helpers:get_metadata_filter:267 - Starting metadata filter generation
2025-08-15 12:30:00.855 | DEBUG    | BeaconMedAI.utils.helpers:get_metadata_filter:289 - Extracted 20 terms: ['traumatic brain injury', 'headaches', 'dizziness', 'cognitive difficulties', 'mri scan', 'neurological assessment', 'fractured right clavicle', 'misalignment', 'x-ray imaging', 'persistent pain', 'limited range of motion', 'lumbar disc herniation', 'mri findings', 'disc protrusion', 'pain', 'radiating', 'lower extremities', 'physical therapy', 'pain management', 'psychological trauma']
2025-08-15 12:30:00.869 | ERROR    | BeaconMedAI.utils.helpers:get_metadata_filter:319 - Vector store query failed: 'NoneType' object has no attribute 'similarity_search'
2025-08-15 12:30:00.869 | INFO     | BeaconMedAI.utils.helpers:get_metadata_filter:327 - No chapters found. Using term-based filter.
2025-08-15 12:30:00.869 | INFO     | BeaconMedAI.utils.helpers:get_metadata_filter:329 - Term-based filter: {'terms': ['traumatic brain injury', 'headaches', 'dizziness', 'cognitive difficulties', 'mri scan', 'neurological assessment', 'fractured right clavicle', 'misalignment', 'x-ray imaging', 'persistent pain', 'limited range of motion', 'lumbar disc herniation', 'mri findings', 'disc protrusion', 'pain', 'radiating', 'lower extremities', 'physical therapy', 'pain management', 'psychological trauma']}
2025-08-15 12:30:00.869 | INFO     | BeaconMedAI.generators.report_generator:get_ama_impairment_report:98 - Using term-based query: traumatic brain injury headaches dizziness cognitive difficulties mri scan neurological assessment fractured right clavicle misalignment x-ray imaging persistent pain limited range of motion lumbar disc herniation mri findings disc protrusion pain radiating lower extremities physical therapy pain management psychological trauma
2025-08-15 12:30:00.869 | INFO     | BeaconMedAI.generators.report_generator:get_ama_impairment_report:102 - Retrieving AMA content with k=3, fetch_k=15, lambda_mult=0.5 based on 112 unique words
2025-08-15 12:30:14.806 | INFO     | BeaconMedAI.generators.report_generator:get_ama_impairment_report:107 - Initially retrieved 5 documents
2025-08-15 12:30:25.684 | INFO     | BeaconMedAI.generators.report_generator:get_ama_impairment_report:111 - Reranked to 3 documents
2025-08-15 12:30:46.332 | INFO     | BeaconMedAI.generators.report_generator:get_ama_impairment_report:149 - Generated impairment report for user Tim
2025-08-15 12:30:46.406 | INFO     | BeaconMedAI.generators.combiner:get_combine_reports:30 - Combining reports for user Tim
2025-08-15 12:30:46.407 | INFO     | BeaconMedAI.core.user_data:get_user_data:99 - Retrieved existing user data for: Tim
2025-08-15 12:30:46.456 | INFO     | BeaconMedAI.generators.combiner:get_combine_reports:45 - Similarity with previous input 1: 0.4229
2025-08-15 12:32:27.901 | INFO     | BeaconMedAI.generators.combiner:get_combine_reports:89 - Generated combined report for user Tim
